make all --print-data-base --no-builtin-variables --no-builtin-rules --question
# GNU Make 4.2.1
# Built for x86_64-pc-linux-gnu
# Copyright (C) 1988-2016 Free Software Foundation, Inc.
# License GPLv3+: GNU GPL version 3 or later <http://gnu.org/licenses/gpl.html>
# This is free software: you are free to change and redistribute it.
# There is NO WARRANTY, to the extent permitted by law.

# Make data base, printed on Tue Jun 14 19:53:55 2022

# Variables

# automatic
<D = $(patsubst %/,%,$(dir $<))
# automatic
?F = $(notdir $?)
# environment
WSLENV = VSCODE_WSL_EXT_LOCATION/up
# default
.SHELLFLAGS := -c
# environment
VSCODE_LOG_NATIVE = false
# automatic
?D = $(patsubst %/,%,$(dir $?))
# automatic
@D = $(patsubst %/,%,$(dir $@))
# automatic
@F = $(notdir $@)
# makefile
CURDIR := /home/ras/ghq/github.com/hackathon-22-spring-14/hackathon-22-spring-14-backend
# makefile
SHELL = /bin/sh
# environment
VSCODE_NLS_CONFIG = {"locale":"ja","availableLanguages":{"*":"ja"},"_languagePackId":"5c8c40d429ae8165ad0b13c71d693b4b.ja","_translationsConfigFile":"/home/ras/.vscode-server/data/clp/5c8c40d429ae8165ad0b13c71d693b4b.ja/tcf.json","_cacheRoot":"/home/ras/.vscode-server/data/clp/5c8c40d429ae8165ad0b13c71d693b4b.ja","_resolvedLanguagePackCoreLocation":"/home/ras/.vscode-server/data/clp/5c8c40d429ae8165ad0b13c71d693b4b.ja/4af164ea3a06f701fe3e89a2bcbb421d2026b68f","_corruptedFile":"/home/ras/.vscode-server/data/clp/5c8c40d429ae8165ad0b13c71d693b4b.ja/corrupted.info","_languagePackSupport":true}
# makefile (from 'Makefile', line 1)
MAKEFILE_LIST :=  Makefile
# 'override' directive
GNUMAKEFLAGS := 
# environment
VSCODE_AMD_ENTRYPOINT = vs/workbench/api/node/extensionHostProcess
# environment
VSCODE_VERBOSE_LOGGING = true
# environment
VSCODE_CWD = /mnt/c/Users/kira/AppData/Local/Programs/Microsoft VS Code
# environment
GOPROXY = https://proxy.golang.org,direct
# default
MAKE_HOST := x86_64-pc-linux-gnu
# environment
PATH = /home/ras/.vscode-server/bin/4af164ea3a06f701fe3e89a2bcbb421d2026b68f/bin/remote-cli:/home/ras/.asdf/shims:/home/linuxbrew/.linuxbrew/opt/asdf/libexec/bin:/home/linuxbrew/.linuxbrew/bin:/home/linuxbrew/.linuxbrew/sbin:/home/ras/.wincmd/bin:/home/ras/.cargo/bin:/home/ras/.swiftenv/bin:/home/ras/.swiftenv/shims:/home/ras/go/bin:/usr/local/sbin:/usr/local/bin:/usr/sbin:/usr/bin:/sbin:/bin:/usr/games:/usr/local/games:/usr/lib/wsl/lib
# environment
XDG_RUNTIME_DIR = /mnt/wslg/runtime-dir
# environment
GOPATH = /home/ras/go
# environment
VSCODE_LOG_STACK = false
# environment
VSCODE_IPC_HOOK_CLI = /mnt/wslg/runtime-dir/vscode-ipc-f13c172e-bb41-49ef-92aa-85c7a3aa41e4.sock
# default
.FEATURES := target-specific order-only second-expansion else-if shortest-stem undefine oneshell archives jobserver output-sync check-symlink load
# automatic
%F = $(notdir $%)
# environment
DISPLAY = :0
# environment
VSCODE_PIPE_LOGGING = true
# environment
PWD = /home/ras/ghq/github.com/hackathon-22-spring-14/hackathon-22-spring-14-backend
# default
.LOADED := 
# environment
WSL_INTEROP = /run/WSL/12029_interop
# environment
PULSE_SERVER = /mnt/wslg/PulseServer
# environment
GOMODCACHE = /home/ras/go/pkg/mod
# environment
HOME = /home/ras
# makefile (from 'Makefile', line 1)
BINARY := ./main
# environment
LOGNAME = ras
# environment
APPLICATION_INSIGHTS_NO_DIAGNOSTIC_CHANNEL = 1
# environment
VSCODE_HANDLES_UNCAUGHT_ERRORS = true
# automatic
^D = $(patsubst %/,%,$(dir $^))
# environment
MAKELEVEL := 0
# default
MAKE = $(MAKE_COMMAND)
# default
MAKECMDGOALS := all
# environment
SHLVL = 1
# environment
POSH_THEME = /home/ras/.night-owl.my.omp.json
# default
MAKE_VERSION := 4.2.1
# environment
USER = ras
# makefile
.DEFAULT_GOAL := all
# environment
NAME = asymp
# automatic
%D = $(patsubst %/,%,$(dir $%))
# environment
VSCODE_WSL_EXT_LOCATION = /mnt/c/Users/kira/.vscode/extensions/ms-vscode-remote.remote-wsl-0.66.3
# default
MAKE_COMMAND := make
# default
.VARIABLES := 
# automatic
*F = $(notdir $*)
# makefile
MAKEFLAGS = pqrR
# environment
MFLAGS = -pqrR
# automatic
*D = $(patsubst %/,%,$(dir $*))
# automatic
+D = $(patsubst %/,%,$(dir $+))
# automatic
+F = $(notdir $+)
# environment
VSCODE_HANDLES_SIGPIPE = true
# default
MAKEFILES := 
# automatic
<F = $(notdir $<)
# environment
LC_ALL = C
# environment
HOSTTYPE = x86_64
# automatic
^F = $(notdir $^)
# default
SUFFIXES := 
# environment
ASDF_DIR = /home/linuxbrew/.linuxbrew/opt/asdf/libexec
# environment
WAYLAND_DISPLAY = wayland-0
# default
.INCLUDE_DIRS = /usr/include /usr/local/include /usr/include
# default
.RECIPEPREFIX := 
# environment
code = code
# environment
LANG = C
# environment
TERM = xterm-256color
# environment
VSCODE_EXTHOST_WILL_SEND_SOCKET = true
# environment
WSL_DISTRO_NAME = Ubuntu
# variable set hash-table stats:
# Load=73/1024=7%, Rehash=0, Collisions=5/102=5%

# Pattern-specific Variable Values

# No pattern-specific variable values.

# Directories

# . (device 2064, inode 465721): 16 files, no impossibilities.

# 16 files, no impossibilities in 1 directories.

# Implicit Rules

# No implicit rules.

# Files

all: clean mod build
#  Phony target (prerequisite of .PHONY).
#  Command line target.
#  Implicit rule search has not been done.
#  File does not exist.
#  File has been updated.
#  Needs to be updated (-q is set).
# variable set hash-table stats:
# Load=0/32=0%, Rehash=0, Collisions=0/4=0%

.PHONY: all clean mod build dev
#  Implicit rule search has not been done.
#  Modification time never checked.
#  File has not been updated.

# Not a target:
.SUFFIXES:
#  Implicit rule search has not been done.
#  Modification time never checked.
 
#  File has not been updated.

# Not a target:
Makefile:
#  Implicit rule search has been done.
#  Last modified 2022-06-13 23:41:42.2231102
#  File has been updated.
#  Successfully updated.

build:
#  Phony target (prerequisite of .PHONY).
#  Implicit rule search has not been done.
#  File does not exist.
#  File has not been updated.
#  recipe to execute (from 'Makefile', line 16):
	@go build -o main ./...

dev:
#  Phony target (prerequisite of .PHONY).
#  Implicit rule search has not been done.
#  File does not exist.
#  File has not been updated.
#  recipe to execute (from 'Makefile', line 21):
	@go run github.com/cosmtrek/air@latest

# Not a target:
.DEFAULT:
#  Implicit rule search has not been done.
#  Modification time never checked.
#  File has not been updated.

clean:
#  Phony target (prerequisite of .PHONY).
#  Implicit rule search has not been done.
#  Implicit/static pattern stem: ''
#  File does not exist.
#  File has been updated.
#  Needs to be updated (-q is set).
# automatic
# @ := clean
# automatic
# % := 
# automatic
# * := 
# automatic
# + := 
# automatic
# | := 
# automatic
# < := 
# automatic
# ^ := 
# automatic
# ? := 
# variable set hash-table stats:
# Load=8/32=25%, Rehash=0, Collisions=2/12=17%
#  recipe to execute (from 'Makefile', line 8):
	@go clean $(BINARY)

mod:
#  Phony target (prerequisite of .PHONY).
#  Implicit rule search has not been done.
#  File does not exist.
#  File has not been updated.
#  recipe to execute (from 'Makefile', line 12):
	@go mod download

# files hash-table stats:
# Load=9/1024=1%, Rehash=0, Collisions=0/37=0%
# VPATH Search Paths

# No 'vpath' search paths.

# No general ('VPATH' variable) search path.

# strcache buffers: 1 (0) / strings = 26 / storage = 195 B / avg = 7 B
# current buf: size = 8162 B / used = 195 B / count = 26 / avg = 7 B

# strcache performance: lookups = 54 / hit rate = 51%
# hash-table stats:
# Load=26/8192=0%, Rehash=0, Collisions=5/54=9%
# Finished Make data base on Tue Jun 14 19:53:55 2022

 
